C:\Users\me\Documents\Visual Studio 2010\Projects\FinalProject\Debug\FinalProject.pdb
C:\Users\me\Documents\Visual Studio 2010\Projects\FinalProject\FinalProject\Debug\cl.command.1.tlog
C:\Users\me\Documents\Visual Studio 2010\Projects\FinalProject\FinalProject\Debug\CL.read.1.tlog
C:\Users\me\Documents\Visual Studio 2010\Projects\FinalProject\FinalProject\Debug\CL.write.1.tlog
C:\USERS\ME\DOCUMENTS\VISUAL STUDIO 2010\PROJECTS\FINALPROJECT\FINALPROJECT\DEBUG\FINALPROJECT.EXE.EMBED.MANIFEST
C:\USERS\ME\DOCUMENTS\VISUAL STUDIO 2010\PROJECTS\FINALPROJECT\FINALPROJECT\DEBUG\FINALPROJECT.EXE.EMBED.MANIFEST.RES
C:\Users\me\Documents\Visual Studio 2010\Projects\FinalProject\FinalProject\Debug\FinalProject.exe.intermediate.manifest
C:\Users\me\Documents\Visual Studio 2010\Projects\FinalProject\FinalProject\Debug\FinalProject_manifest.rc
C:\USERS\ME\DOCUMENTS\VISUAL STUDIO 2010\PROJECTS\FINALPROJECT\FINALPROJECT\DEBUG\GRIN.OBJ
C:\Users\me\Documents\Visual Studio 2010\Projects\FinalProject\FinalProject\Debug\link.3952.read.1.tlog
C:\Users\me\Documents\Visual Studio 2010\Projects\FinalProject\FinalProject\Debug\link.3952.write.1.tlog
C:\Users\me\Documents\Visual Studio 2010\Projects\FinalProject\FinalProject\Debug\link.3952-cvtres.read.1.tlog
C:\Users\me\Documents\Visual Studio 2010\Projects\FinalProject\FinalProject\Debug\link.3952-cvtres.write.1.tlog
C:\Users\me\Documents\Visual Studio 2010\Projects\FinalProject\FinalProject\Debug\link.4184.read.1.tlog
C:\Users\me\Documents\Visual Studio 2010\Projects\FinalProject\FinalProject\Debug\link.4184.write.1.tlog
C:\Users\me\Documents\Visual Studio 2010\Projects\FinalProject\FinalProject\Debug\link.4184-cvtres.read.1.tlog
C:\Users\me\Documents\Visual Studio 2010\Projects\FinalProject\FinalProject\Debug\link.4184-cvtres.write.1.tlog
C:\Users\me\Documents\Visual Studio 2010\Projects\FinalProject\FinalProject\Debug\link.556.read.1.tlog
C:\Users\me\Documents\Visual Studio 2010\Projects\FinalProject\FinalProject\Debug\link.556.write.1.tlog
C:\Users\me\Documents\Visual Studio 2010\Projects\FinalProject\FinalProject\Debug\link.556-cvtres.read.1.tlog
C:\Users\me\Documents\Visual Studio 2010\Projects\FinalProject\FinalProject\Debug\link.556-cvtres.write.1.tlog
C:\Users\me\Documents\Visual Studio 2010\Projects\FinalProject\FinalProject\Debug\link.command.1.tlog
C:\Users\me\Documents\Visual Studio 2010\Projects\FinalProject\FinalProject\Debug\link.read.1.tlog
C:\Users\me\Documents\Visual Studio 2010\Projects\FinalProject\FinalProject\Debug\link.write.1.tlog
C:\Users\me\Documents\Visual Studio 2010\Projects\FinalProject\FinalProject\Debug\link-cvtres.read.1.tlog
C:\Users\me\Documents\Visual Studio 2010\Projects\FinalProject\FinalProject\Debug\link-cvtres.write.1.tlog
C:\USERS\ME\DOCUMENTS\VISUAL STUDIO 2010\PROJECTS\FINALPROJECT\FINALPROJECT\DEBUG\MAIN.OBJ
C:\Users\me\Documents\Visual Studio 2010\Projects\FinalProject\FinalProject\Debug\mt.command.1.tlog
C:\Users\me\Documents\Visual Studio 2010\Projects\FinalProject\FinalProject\Debug\mt.read.1.tlog
C:\Users\me\Documents\Visual Studio 2010\Projects\FinalProject\FinalProject\Debug\mt.write.1.tlog
C:\Users\me\Documents\Visual Studio 2010\Projects\FinalProject\FinalProject\Debug\rc.command.1.tlog
C:\Users\me\Documents\Visual Studio 2010\Projects\FinalProject\FinalProject\Debug\rc.read.1.tlog
C:\Users\me\Documents\Visual Studio 2010\Projects\FinalProject\FinalProject\Debug\rc.write.1.tlog
C:\Users\me\Documents\Visual Studio 2010\Projects\FinalProject\FinalProject\Debug\vc100.idb
C:\USERS\ME\DOCUMENTS\VISUAL STUDIO 2010\PROJECTS\FINALPROJECT\FINALPROJECT\DEBUG\VC100.PDB
